{"level":"info","message":"API Gateway is running on port 5000","service":"api-gateway","timestamp":"2025-11-18T01:15:21.701Z"}
{"level":"info","message":"API Gateway is running on port 5000","service":"api-gateway","timestamp":"2025-11-18T01:16:01.732Z"}
{"level":"info","message":"API Gateway is running on port 5000","service":"api-gateway","timestamp":"2025-11-18T01:16:11.755Z"}
{"level":"info","message":"API Gateway is running on port 5000","service":"api-gateway","timestamp":"2025-11-18T01:16:20.804Z"}
{"level":"info","message":"API Gateway is running on port 5000","service":"api-gateway","timestamp":"2025-11-18T01:16:26.595Z"}
{"level":"info","message":"API Gateway is running on port 5000","service":"api-gateway","timestamp":"2025-11-18T01:16:34.881Z"}
{"level":"info","message":"API Gateway is running on port 5000","service":"api-gateway","timestamp":"2025-11-18T01:16:41.015Z"}
{"level":"info","message":"API Gateway is running on port 5000","service":"api-gateway","timestamp":"2025-11-18T01:16:46.846Z"}
{"level":"info","message":"API Gateway is running on port 5000","service":"api-gateway","timestamp":"2025-11-18T01:16:53.233Z"}
{"level":"info","message":"API Gateway is running on port 5000","service":"api-gateway","timestamp":"2025-11-18T01:17:07.411Z"}
{"level":"info","message":"API Gateway is running on port 5000","service":"api-gateway","timestamp":"2025-11-18T01:19:29.051Z"}
{"level":"info","message":"API Gateway is running on port 5000","service":"api-gateway","timestamp":"2025-11-18T01:20:06.729Z"}
{"level":"info","message":"API Gateway is running on port 5000","service":"api-gateway","timestamp":"2025-11-18T01:20:17.542Z"}
{"level":"info","message":"API Gateway is running on port 5000","service":"api-gateway","timestamp":"2025-11-18T01:20:32.007Z"}
{"level":"info","message":"API Gateway is running on port 5000","service":"api-gateway","timestamp":"2025-11-18T01:20:33.371Z"}
{"level":"info","message":"API Gateway is running on port 5000","service":"api-gateway","timestamp":"2025-11-18T01:20:37.251Z"}
{"level":"info","message":"API Gateway is running on port 5000","service":"api-gateway","timestamp":"2025-11-18T01:20:58.497Z"}
{"level":"info","message":"API Gateway is running on port 5000","service":"api-gateway","timestamp":"2025-11-18T01:21:01.584Z"}
{"level":"info","message":"API Gateway is running on port 5000","service":"api-gateway","timestamp":"2025-11-18T01:21:12.521Z"}
{"level":"info","message":"API Gateway is running on port 5000","service":"api-gateway","timestamp":"2025-11-18T01:21:29.513Z"}
{"level":"info","message":"API Gateway is running on port 5000","service":"api-gateway","timestamp":"2025-11-18T01:21:31.656Z"}
{"level":"info","message":"API Gateway is running on port 5000","service":"api-gateway","timestamp":"2025-11-18T01:21:55.172Z"}
{"level":"info","message":"API Gateway is running on port 5000","service":"api-gateway","timestamp":"2025-11-18T01:22:11.254Z"}
{"level":"info","message":"API Gateway is running on port 5000","service":"api-gateway","timestamp":"2025-11-18T01:22:13.016Z"}
{"level":"info","message":"API Gateway is running on port 5000","service":"api-gateway","timestamp":"2025-11-18T01:25:21.509Z"}
{"level":"info","message":"API Gateway is running on port 5000","service":"api-gateway","timestamp":"2025-11-18T01:25:42.999Z"}
{"level":"info","message":"API Gateway is running on port 5000","service":"api-gateway","timestamp":"2025-11-18T01:33:14.955Z"}
{"level":"info","message":"API Gateway is running on port 5000","service":"api-gateway","timestamp":"2025-11-18T01:33:18.961Z"}
{"level":"info","message":"API Gateway is running on port 5000","service":"api-gateway","timestamp":"2025-11-18T01:33:23.923Z"}
{"level":"info","message":"API Gateway is running on port 5000","service":"api-gateway","timestamp":"2025-11-18T01:33:35.760Z"}
{"level":"info","message":"API Gateway is running on port 5000","service":"api-gateway","timestamp":"2025-11-18T01:33:48.909Z"}
{"level":"info","message":"API Gateway is running on port 5000","service":"api-gateway","timestamp":"2025-11-18T01:33:50.514Z"}
{"level":"info","message":"API Gateway is running on port 5000","service":"api-gateway","timestamp":"2025-11-18T01:33:52.841Z"}
{"level":"info","message":"API Gateway is running on port 5000","service":"api-gateway","timestamp":"2025-11-18T01:36:47.509Z"}
{"level":"info","message":"API Gateway is running on port 5000","service":"api-gateway","timestamp":"2025-11-18T01:36:48.575Z"}
{"level":"info","message":"API Gateway is running on port 5000","service":"api-gateway","timestamp":"2025-11-18T01:36:53.199Z"}
{"level":"info","message":"API Gateway is running on port 5000","service":"api-gateway","timestamp":"2025-11-18T01:36:58.473Z"}
{"level":"info","message":"API Gateway is running on port 5000","service":"api-gateway","timestamp":"2025-11-18T01:37:00.108Z"}
{"level":"info","message":"API Gateway is running on port 5000","service":"api-gateway","timestamp":"2025-11-18T01:37:04.426Z"}
{"level":"info","message":"API Gateway is running on port 5000","service":"api-gateway","timestamp":"2025-11-18T01:37:30.062Z"}
{"level":"info","message":"API Gateway is running on port 5000","service":"api-gateway","timestamp":"2025-11-18T01:37:49.041Z"}
{"level":"info","message":"API Gateway is running on port 5000","service":"api-gateway","timestamp":"2025-11-18T01:37:58.523Z"}
{"level":"info","message":"API Gateway is running on port 5000","service":"api-gateway","timestamp":"2025-11-18T01:38:10.252Z"}
{"level":"info","message":"API Gateway is running on port 5000","service":"api-gateway","timestamp":"2025-11-18T01:42:26.854Z"}
{"level":"info","message":"API Gateway is running on port 5000","service":"api-gateway","timestamp":"2025-11-18T01:42:29.093Z"}
{"level":"info","message":"API Gateway is running on port 5000","service":"api-gateway","timestamp":"2025-11-18T01:42:48.156Z"}
{"level":"info","message":"API Gateway is running on port 5000","service":"api-gateway","timestamp":"2025-11-18T01:42:51.932Z"}
{"level":"info","message":"API Gateway is running on port 5000","service":"api-gateway","timestamp":"2025-11-18T01:42:57.630Z"}
{"level":"info","message":"API Gateway is running on port 5000","service":"api-gateway","timestamp":"2025-11-18T01:43:00.412Z"}
{"level":"info","message":"API Gateway is running on port 5000","service":"api-gateway","timestamp":"2025-11-18T01:50:31.635Z"}
{"level":"info","message":"API Gateway is running on port 5000","service":"api-gateway","timestamp":"2025-11-18T01:50:40.731Z"}
{"level":"info","message":"API Gateway is running on port 5000","service":"api-gateway","timestamp":"2025-11-18T01:51:11.674Z"}
{"level":"info","message":"API Gateway is running on port 5000","service":"api-gateway","timestamp":"2025-11-18T01:51:13.239Z"}
{"level":"info","message":"API Gateway is running on port 5000","service":"api-gateway","timestamp":"2025-11-18T01:51:14.968Z"}
{"level":"info","message":"API Gateway is running on port 5000","service":"api-gateway","timestamp":"2025-11-18T01:52:05.984Z"}
{"level":"info","message":"API Gateway is running on port 5000","service":"api-gateway","timestamp":"2025-11-18T01:52:24.433Z"}
{"level":"info","message":"API Gateway is running on port 5000","service":"api-gateway","timestamp":"2025-11-18T01:52:29.917Z"}
{"level":"info","message":"API Gateway is running on port 5000","service":"api-gateway","timestamp":"2025-11-18T01:52:32.970Z"}
{"level":"info","message":"API Gateway is running on port 5000","service":"api-gateway","timestamp":"2025-11-18T01:52:55.618Z"}
{"level":"info","message":"API Gateway is running on port 5000","service":"api-gateway","timestamp":"2025-11-18T01:53:02.313Z"}
{"level":"info","message":"API Gateway is running on port 5000","service":"api-gateway","timestamp":"2025-11-18T01:53:11.790Z"}
{"level":"info","message":"API Gateway is running on port 5000","service":"api-gateway","timestamp":"2025-11-18T01:53:13.923Z"}
{"level":"info","message":"API Gateway is running on port 5000","service":"api-gateway","timestamp":"2025-11-18T01:53:16.845Z"}
{"level":"info","message":"API Gateway is running on port 5000","service":"api-gateway","timestamp":"2025-11-18T01:53:18.656Z"}
{"level":"info","message":"API Gateway is running on port 5000","service":"api-gateway","timestamp":"2025-11-18T01:53:23.282Z"}
{"level":"info","message":"API Gateway is running on port 5000","service":"api-gateway","timestamp":"2025-11-18T01:56:29.358Z"}
{"level":"info","message":"Received POST request to /api/auth/signup","service":"api-gateway","timestamp":"2025-11-18T02:01:39.269Z"}
{"level":"info","message":"Request body, [object Object]","service":"api-gateway","timestamp":"2025-11-18T02:01:39.270Z"}
{"level":"info","message":"Received POST request to /api/auth/logout","service":"api-gateway","timestamp":"2025-11-18T02:04:07.286Z"}
{"level":"info","message":"Request body, [object Object]","service":"api-gateway","timestamp":"2025-11-18T02:04:07.287Z"}
{"level":"info","message":"Received POST request to /api/auth/logout","service":"api-gateway","timestamp":"2025-11-18T02:04:10.075Z"}
{"level":"info","message":"Request body, [object Object]","service":"api-gateway","timestamp":"2025-11-18T02:04:10.075Z"}
{"level":"info","message":"Received POST request to /api/auth/login","service":"api-gateway","timestamp":"2025-11-18T02:04:49.108Z"}
{"level":"info","message":"Request body, [object Object]","service":"api-gateway","timestamp":"2025-11-18T02:04:49.108Z"}
{"level":"info","message":"Received POST request to /api/auth/login","service":"api-gateway","timestamp":"2025-11-18T02:04:54.533Z"}
{"level":"info","message":"Request body, [object Object]","service":"api-gateway","timestamp":"2025-11-18T02:04:54.534Z"}
{"level":"info","message":"API Gateway is running on port 5000","service":"api-gateway","timestamp":"2025-11-18T02:05:40.280Z"}
{"level":"info","message":"Received POST request to /api/auth/login","service":"api-gateway","timestamp":"2025-11-18T02:05:41.165Z"}
{"level":"info","message":"Request body, [object Object]","service":"api-gateway","timestamp":"2025-11-18T02:05:41.166Z"}
{"level":"info","message":"Received POST request to /api/auth/login","service":"api-gateway","timestamp":"2025-11-18T02:05:54.739Z"}
{"level":"info","message":"Request body, [object Object]","service":"api-gateway","timestamp":"2025-11-18T02:05:54.740Z"}
{"level":"info","message":"Received POST request to /api/auth/login","service":"api-gateway","timestamp":"2025-11-18T02:05:59.673Z"}
{"level":"info","message":"Request body, [object Object]","service":"api-gateway","timestamp":"2025-11-18T02:05:59.674Z"}
{"level":"info","message":"API Gateway is running on port 5000","service":"api-gateway","timestamp":"2025-11-18T02:06:37.034Z"}
{"level":"info","message":"API Gateway is running on port 5000","service":"api-gateway","timestamp":"2025-11-18T02:10:03.725Z"}
{"level":"info","message":"API Gateway is running on port 5000","service":"api-gateway","timestamp":"2025-11-18T02:10:05.226Z"}
{"level":"info","message":"API Gateway is running on port 5000","service":"api-gateway","timestamp":"2025-11-18T02:10:35.096Z"}
{"level":"info","message":"API Gateway is running on port 5000","service":"api-gateway","timestamp":"2025-11-18T02:10:37.527Z"}
{"level":"info","message":"API Gateway is running on port 5000","service":"api-gateway","timestamp":"2025-11-18T02:10:39.623Z"}
{"level":"info","message":"API Gateway is running on port 5000","service":"api-gateway","timestamp":"2025-11-18T02:10:40.927Z"}
{"level":"info","message":"API Gateway is running on port 5000","service":"api-gateway","timestamp":"2025-11-18T02:10:42.988Z"}
{"level":"info","message":"API Gateway is running on port 5000","service":"api-gateway","timestamp":"2025-11-18T02:10:53.716Z"}
{"level":"info","message":"API Gateway is running on port 5000","service":"api-gateway","timestamp":"2025-11-18T20:15:40.221Z"}
{"level":"info","message":"API Gateway is running on port 5000","service":"api-gateway","timestamp":"2025-11-18T20:22:07.519Z"}
{"level":"info","message":"API Gateway is running on port 5000","service":"api-gateway","timestamp":"2025-11-18T20:23:13.909Z"}
{"level":"info","message":"API Gateway is running on port 5000","service":"api-gateway","timestamp":"2025-11-18T20:27:14.735Z"}
{"level":"info","message":"API Gateway is running on port 5000","service":"api-gateway","timestamp":"2025-11-18T20:28:51.463Z"}
{"level":"info","message":"API Gateway is running on port 5000","service":"api-gateway","timestamp":"2025-11-18T20:28:58.126Z"}
{"level":"info","message":"API Gateway is running on port 5000","service":"api-gateway","timestamp":"2025-11-18T20:29:02.273Z"}
{"level":"info","message":"API Gateway is running on port 5000","service":"api-gateway","timestamp":"2025-11-18T20:29:12.043Z"}
{"level":"info","message":"API Gateway is running on port 5000","service":"api-gateway","timestamp":"2025-11-18T20:29:22.024Z"}
{"level":"info","message":"API Gateway is running on port 5000","service":"api-gateway","timestamp":"2025-11-18T20:29:25.479Z"}
{"level":"info","message":"API Gateway is running on port 5000","service":"api-gateway","timestamp":"2025-11-18T20:30:11.131Z"}
{"level":"info","message":"API Gateway is running on port 5000","service":"api-gateway","timestamp":"2025-11-18T20:30:14.154Z"}
{"level":"info","message":"API Gateway is running on port 5000","service":"api-gateway","timestamp":"2025-11-18T20:30:55.043Z"}
{"level":"info","message":"API Gateway is running on port 5000","service":"api-gateway","timestamp":"2025-11-18T20:31:07.648Z"}
{"level":"info","message":"API Gateway is running on port 5000","service":"api-gateway","timestamp":"2025-11-18T20:31:59.115Z"}
{"level":"info","message":"API Gateway is running on port 5000","service":"api-gateway","timestamp":"2025-11-18T20:38:55.675Z"}
{"level":"info","message":"API Gateway is running on port 5000","service":"api-gateway","timestamp":"2025-11-18T20:39:08.095Z"}
{"level":"info","message":"API Gateway is running on port 5000","service":"api-gateway","timestamp":"2025-11-18T20:39:24.378Z"}
{"level":"info","message":"API Gateway is running on port 5000","service":"api-gateway","timestamp":"2025-11-18T20:39:28.674Z"}
{"level":"info","message":"API Gateway is running on port 5000","service":"api-gateway","timestamp":"2025-11-18T20:39:31.600Z"}
{"level":"info","message":"API Gateway is running on port 5000","service":"api-gateway","timestamp":"2025-11-18T20:45:53.873Z"}
{"level":"info","message":"Received POST request to /api/auth/logout","service":"api-gateway","timestamp":"2025-11-18T20:48:23.072Z"}
{"level":"info","message":"Request body, [object Object]","service":"api-gateway","timestamp":"2025-11-18T20:48:23.072Z"}
{"level":"info","message":"Received POST request to /api/auth/signup","service":"api-gateway","timestamp":"2025-11-18T20:48:50.994Z"}
{"level":"info","message":"Request body, [object Object]","service":"api-gateway","timestamp":"2025-11-18T20:48:50.994Z"}
{"level":"info","message":"API Gateway is running on port 5000","service":"api-gateway","timestamp":"2025-11-18T20:51:20.500Z"}
{"level":"info","message":"API Gateway is running on port 5000","service":"api-gateway","timestamp":"2025-11-18T20:52:53.176Z"}
{"level":"info","message":"API Gateway is running on port 5000","service":"api-gateway","timestamp":"2025-11-18T21:13:14.460Z"}
{"level":"info","message":"API Gateway is running on port 5000","service":"api-gateway","timestamp":"2025-11-18T21:13:16.349Z"}
{"level":"info","message":"API Gateway is running on port 5000","service":"api-gateway","timestamp":"2025-11-18T21:13:22.764Z"}
{"level":"info","message":"API Gateway is running on port 5000","service":"api-gateway","timestamp":"2025-11-18T21:13:25.278Z"}
{"level":"info","message":"API Gateway is running on port 5000","service":"api-gateway","timestamp":"2025-11-18T21:13:26.838Z"}
{"level":"info","message":"API Gateway is running on port 5000","service":"api-gateway","timestamp":"2025-11-18T21:13:43.755Z"}
{"level":"info","message":"API Gateway is running on port 5000","service":"api-gateway","timestamp":"2025-11-18T21:13:50.781Z"}
{"level":"info","message":"API Gateway is running on port 5000","service":"api-gateway","timestamp":"2025-11-18T21:13:52.861Z"}
{"level":"info","message":"Received GET request to /api/tasks/dashboard","service":"api-gateway","timestamp":"2025-11-18T21:15:03.487Z"}
{"level":"info","message":"Request body, undefined","service":"api-gateway","timestamp":"2025-11-18T21:15:03.487Z"}
{"level":"info","message":"Tasks retrieved","service":"api-gateway","taskCount":0,"timestamp":"2025-11-18T21:15:03.649Z","userId":"691cdbb3067695dd7c4585be"}
{"level":"info","message":"Received POST request to /api/auth/logout","service":"api-gateway","timestamp":"2025-11-18T21:15:17.026Z"}
{"level":"info","message":"Request body, [object Object]","service":"api-gateway","timestamp":"2025-11-18T21:15:17.026Z"}
{"level":"info","message":"Received POST request to /api/auth/login","service":"api-gateway","timestamp":"2025-11-18T21:15:21.184Z"}
{"level":"info","message":"Request body, [object Object]","service":"api-gateway","timestamp":"2025-11-18T21:15:21.184Z"}
{"level":"info","message":"Received GET request to /api/tasks/dashboard","service":"api-gateway","timestamp":"2025-11-18T21:15:25.495Z"}
{"level":"info","message":"Request body, undefined","service":"api-gateway","timestamp":"2025-11-18T21:15:25.495Z"}
{"level":"info","message":"Received GET request to /api/tasks/691bd383c2dbd92d33ba86db","service":"api-gateway","timestamp":"2025-11-18T21:16:07.218Z"}
{"level":"info","message":"Request body, undefined","service":"api-gateway","timestamp":"2025-11-18T21:16:07.219Z"}
{"level":"warn","message":"Task not found","service":"api-gateway","taskId":"691bd383c2dbd92d33ba86db","timestamp":"2025-11-18T21:16:07.348Z","userId":"691bd383c2dbd92d33ba86db"}
{"level":"info","message":"API Gateway is running on port 5000","service":"api-gateway","timestamp":"2025-11-18T21:17:17.216Z"}
{"level":"info","message":"Received POST request to /api/auth/login","service":"api-gateway","timestamp":"2025-11-18T21:18:44.888Z"}
{"level":"info","message":"Request body, [object Object]","service":"api-gateway","timestamp":"2025-11-18T21:18:44.889Z"}
{"level":"info","message":"Received POST request to /api/tasks/create","service":"api-gateway","timestamp":"2025-11-18T21:19:35.449Z"}
{"level":"info","message":"Request body, [object Object]","service":"api-gateway","timestamp":"2025-11-18T21:19:35.449Z"}
{"level":"info","message":"Received POST request to /api/tasks/create","service":"api-gateway","timestamp":"2025-11-18T21:20:20.960Z"}
{"level":"info","message":"Request body, [object Object]","service":"api-gateway","timestamp":"2025-11-18T21:20:20.960Z"}
{"error":"Task validation failed: dueDate: Due date must be in the future","level":"error","message":"Error creating task","service":"api-gateway","timestamp":"2025-11-18T21:20:21.031Z","userId":"691bd383c2dbd92d33ba86db"}
{"level":"info","message":"API Gateway is running on port 5000","service":"api-gateway","timestamp":"2025-11-18T21:21:01.051Z"}
{"level":"info","message":"Received POST request to /api/tasks/create","service":"api-gateway","timestamp":"2025-11-18T21:21:55.571Z"}
{"level":"info","message":"Request body, [object Object]","service":"api-gateway","timestamp":"2025-11-18T21:21:55.572Z"}
{"error":"Task validation failed: dueDate: Due date must be in the future","level":"error","message":"Error creating task","service":"api-gateway","timestamp":"2025-11-18T21:21:55.660Z","userId":"691bd383c2dbd92d33ba86db"}
{"level":"info","message":"Received POST request to /api/tasks/create","service":"api-gateway","timestamp":"2025-11-18T21:22:22.627Z"}
{"level":"info","message":"Request body, [object Object]","service":"api-gateway","timestamp":"2025-11-18T21:22:22.627Z"}
{"error":"Task validation failed: dueDate: Due date must be in the future","level":"error","message":"Error creating task","service":"api-gateway","timestamp":"2025-11-18T21:22:22.691Z","userId":"691bd383c2dbd92d33ba86db"}
{"level":"info","message":"API Gateway is running on port 5000","service":"api-gateway","timestamp":"2025-11-18T21:22:53.773Z"}
{"level":"info","message":"Received POST request to /api/tasks/create","service":"api-gateway","timestamp":"2025-11-18T21:22:58.700Z"}
{"level":"info","message":"Request body, [object Object]","service":"api-gateway","timestamp":"2025-11-18T21:22:58.700Z"}
{"level":"info","message":"Task created successfully","service":"api-gateway","task":{"__v":0,"_id":"691ce3b25a3c3202c638e004","createdAt":"2025-11-18T21:22:58.772Z","description":"description test","dueDate":"2025-03-14T22:00:00.000Z","id":"691ce3b25a3c3202c638e004","status":"pending","title":"title test","user":{"_id":"691bd383c2dbd92d33ba86db","email":"ali@gmail.con","role":"user"}},"taskId":"691ce3b25a3c3202c638e004","taskTitle":"title test","timestamp":"2025-11-18T21:22:58.905Z","user":{"__v":0,"_id":"691bd383c2dbd92d33ba86db","createdAt":"2025-11-18T02:01:39.420Z","email":"ali@gmail.con","name":"ali","role":"user"},"userId":"691bd383c2dbd92d33ba86db"}
{"level":"info","message":"Received GET request to /api/tasks/691bd383c2dbd92d33ba86db","service":"api-gateway","timestamp":"2025-11-18T21:23:09.036Z"}
{"level":"info","message":"Request body, undefined","service":"api-gateway","timestamp":"2025-11-18T21:23:09.036Z"}
{"level":"warn","message":"Task not found","service":"api-gateway","taskId":"691bd383c2dbd92d33ba86db","timestamp":"2025-11-18T21:23:09.164Z","userId":"691bd383c2dbd92d33ba86db"}
{"level":"info","message":"Received GET request to /api/tasks/","service":"api-gateway","timestamp":"2025-11-18T21:23:15.247Z"}
{"level":"info","message":"Request body, undefined","service":"api-gateway","timestamp":"2025-11-18T21:23:15.248Z"}
{"level":"info","message":"Received GET request to /api/tasks/dashboard","service":"api-gateway","timestamp":"2025-11-18T21:23:27.267Z"}
{"level":"info","message":"Request body, undefined","service":"api-gateway","timestamp":"2025-11-18T21:23:27.268Z"}
{"level":"info","message":"API Gateway is running on port 5000","service":"api-gateway","timestamp":"2025-11-18T21:24:13.731Z"}
{"level":"info","message":"Received PATCH request to /api/tasks/691ce3b25a3c3202c638e004","service":"api-gateway","timestamp":"2025-11-18T21:25:21.127Z"}
{"level":"info","message":"Request body, undefined","service":"api-gateway","timestamp":"2025-11-18T21:25:21.128Z"}
{"error":"Cannot destructure property 'title' of 'req.body' as it is undefined.","level":"error","message":"Error updating task","service":"api-gateway","taskId":"691ce3b25a3c3202c638e004","timestamp":"2025-11-18T21:25:21.201Z","userId":"691bd383c2dbd92d33ba86db"}
{"level":"info","message":"Received PATCH request to /api/tasks/691ce3b25a3c3202c638e004","service":"api-gateway","timestamp":"2025-11-18T21:26:04.413Z"}
{"level":"info","message":"Request body, [object Object]","service":"api-gateway","timestamp":"2025-11-18T21:26:04.414Z"}
{"level":"info","message":"Task updated successfully","service":"api-gateway","taskId":"691ce3b25a3c3202c638e004","timestamp":"2025-11-18T21:26:04.680Z","updatedFields":{"title":"update title only due to patch"},"userId":"691bd383c2dbd92d33ba86db"}
{"level":"info","message":"Received POST request to /api/tasks/create","service":"api-gateway","timestamp":"2025-11-18T21:26:15.444Z"}
{"level":"info","message":"Request body, [object Object]","service":"api-gateway","timestamp":"2025-11-18T21:26:15.444Z"}
{"level":"info","message":"Task created successfully","service":"api-gateway","task":{"__v":0,"_id":"691ce4777d653567518e3cee","createdAt":"2025-11-18T21:26:15.511Z","description":"description test","dueDate":"2025-03-14T22:00:00.000Z","id":"691ce4777d653567518e3cee","status":"pending","title":"title test delete","user":{"_id":"691bd383c2dbd92d33ba86db","email":"ali@gmail.con","role":"user"}},"taskId":"691ce4777d653567518e3cee","taskTitle":"title test delete","timestamp":"2025-11-18T21:26:15.647Z","user":{"__v":0,"_id":"691bd383c2dbd92d33ba86db","createdAt":"2025-11-18T02:01:39.420Z","email":"ali@gmail.con","name":"ali","role":"user"},"userId":"691bd383c2dbd92d33ba86db"}
{"level":"info","message":"Received PATCH request to /api/tasks/691ce4777d653567518e3cee","service":"api-gateway","timestamp":"2025-11-18T21:26:42.706Z"}
{"level":"info","message":"Request body, undefined","service":"api-gateway","timestamp":"2025-11-18T21:26:42.706Z"}
{"error":"Cannot destructure property 'title' of 'req.body' as it is undefined.","level":"error","message":"Error updating task","service":"api-gateway","taskId":"691ce4777d653567518e3cee","timestamp":"2025-11-18T21:26:42.770Z","userId":"691bd383c2dbd92d33ba86db"}
{"level":"info","message":"Received DELETE request to /api/tasks/691ce4777d653567518e3cee","service":"api-gateway","timestamp":"2025-11-18T21:27:13.435Z"}
{"level":"info","message":"Request body, undefined","service":"api-gateway","timestamp":"2025-11-18T21:27:13.436Z"}
{"level":"info","message":"Task deleted successfully","service":"api-gateway","taskId":"691ce4777d653567518e3cee","taskTitle":"title test delete","timestamp":"2025-11-18T21:27:13.622Z","userId":"691bd383c2dbd92d33ba86db"}
{"level":"info","message":"API Gateway is running on port 5000","service":"api-gateway","timestamp":"2025-11-18T21:27:24.787Z"}
{"level":"info","message":"API Gateway is running on port 5000","service":"api-gateway","timestamp":"2025-11-18T21:27:59.165Z"}
{"level":"info","message":"API Gateway is running on port 5000","service":"api-gateway","timestamp":"2025-11-18T21:30:05.930Z"}
{"level":"info","message":"Received GET request to /api/tasks/691bd383c2dbd92d33ba86db","service":"api-gateway","timestamp":"2025-11-18T21:30:17.136Z"}
{"level":"info","message":"Request body, undefined","service":"api-gateway","timestamp":"2025-11-18T21:30:17.137Z"}
{"currentUserId":"691bd383c2dbd92d33ba86db","level":"info","message":"Tasks retrieved for user","service":"api-gateway","taskCount":1,"timestamp":"2025-11-18T21:30:17.338Z","userId":"691bd383c2dbd92d33ba86db"}
{"level":"info","message":"API Gateway is running on port 5000","service":"api-gateway","timestamp":"2025-11-18T21:30:27.249Z"}
{"level":"info","message":"API Gateway is running on port 5000","service":"api-gateway","timestamp":"2025-11-18T21:39:51.906Z"}
{"level":"info","message":"API Gateway is running on port 5000","service":"api-gateway","timestamp":"2025-11-18T21:44:37.313Z"}
{"level":"info","message":"API Gateway is running on port 5000","service":"api-gateway","timestamp":"2025-11-18T21:44:42.630Z"}
{"level":"info","message":"API Gateway is running on port 5000","service":"api-gateway","timestamp":"2025-11-18T21:44:49.203Z"}
{"level":"info","message":"API Gateway is running on port 5000","service":"api-gateway","timestamp":"2025-11-18T21:44:59.470Z"}
{"level":"info","message":"Received GET request to /api/tasks/691bd383c2dbd92d33ba86db","service":"api-gateway","timestamp":"2025-11-18T21:45:12.599Z"}
{"level":"info","message":"Request body, undefined","service":"api-gateway","timestamp":"2025-11-18T21:45:12.600Z"}
{"currentUserId":"691bd383c2dbd92d33ba86db","filters":{"search":null,"status":null},"level":"info","limit":10,"message":"Tasks retrieved for user with pagination","page":1,"service":"api-gateway","taskCount":1,"timestamp":"2025-11-18T21:45:12.866Z","total":1,"userId":"691bd383c2dbd92d33ba86db"}
{"level":"info","message":"API Gateway is running on port 5000","service":"api-gateway","timestamp":"2025-11-18T21:46:32.356Z"}
{"level":"info","message":"API Gateway is running on port 5000","service":"api-gateway","timestamp":"2025-11-18T21:46:47.258Z"}
{"level":"info","message":"API Gateway is running on port 5000","service":"api-gateway","timestamp":"2025-11-18T23:06:05.662Z"}
{"level":"info","message":"API Gateway is running on port 5000","service":"api-gateway","timestamp":"2025-11-18T23:10:02.807Z"}
{"level":"info","message":"API Gateway is running on port 5000","service":"api-gateway","timestamp":"2025-11-18T23:11:07.691Z"}
{"level":"info","message":"API Gateway is running on port 5000","service":"api-gateway","timestamp":"2025-11-18T23:15:14.235Z"}
{"level":"info","message":"API Gateway is running on port 5000","service":"api-gateway","timestamp":"2025-11-18T23:15:21.422Z"}
{"level":"info","message":"API Gateway is running on port 5000","service":"api-gateway","timestamp":"2025-11-18T23:15:27.355Z"}
{"level":"info","message":"API Gateway is running on port 5000","service":"api-gateway","timestamp":"2025-11-18T23:15:27.928Z"}
{"level":"info","message":"API Gateway is running on port 5000","service":"api-gateway","timestamp":"2025-11-18T23:15:47.318Z"}
{"level":"info","message":"API Gateway is running on port 5000","service":"api-gateway","timestamp":"2025-11-18T23:16:40.806Z"}
{"level":"info","message":"API Gateway is running on port 5000","service":"api-gateway","timestamp":"2025-11-18T23:16:47.229Z"}
{"level":"info","message":"API Gateway is running on port 5000","service":"api-gateway","timestamp":"2025-11-18T23:17:18.350Z"}
{"level":"info","message":"API Gateway is running on port 5000","service":"api-gateway","timestamp":"2025-11-18T23:18:21.503Z"}
{"level":"info","message":"API Gateway is running on port 5000","service":"api-gateway","timestamp":"2025-11-18T23:18:23.244Z"}
{"level":"info","message":"API Gateway is running on port 5000","service":"api-gateway","timestamp":"2025-11-18T23:18:24.524Z"}
{"level":"info","message":"API Gateway is running on port 5000","service":"api-gateway","timestamp":"2025-11-18T23:18:33.013Z"}
{"level":"info","message":"API Gateway is running on port 5000","service":"api-gateway","timestamp":"2025-11-18T23:19:07.953Z"}
{"level":"info","message":"API Gateway is running on port 5000","service":"api-gateway","timestamp":"2025-11-18T23:19:16.804Z"}
{"level":"info","message":"API Gateway is running on port 5000","service":"api-gateway","timestamp":"2025-11-18T23:19:30.282Z"}
{"level":"info","message":"API Gateway is running on port 5000","service":"api-gateway","timestamp":"2025-11-18T23:20:46.528Z"}
{"level":"info","message":"API Gateway is running on port 5000","service":"api-gateway","timestamp":"2025-11-18T23:20:52.921Z"}
{"level":"info","message":"API Gateway is running on port 5000","service":"api-gateway","timestamp":"2025-11-18T23:21:06.220Z"}
{"level":"info","message":"API Gateway is running on port 5000","service":"api-gateway","timestamp":"2025-11-18T23:22:32.714Z"}
{"level":"info","message":"API Gateway is running on port 5000","service":"api-gateway","timestamp":"2025-11-18T23:23:28.644Z"}
{"level":"info","message":"API Gateway is running on port 5000","service":"api-gateway","timestamp":"2025-11-18T23:23:39.951Z"}
{"level":"info","message":"API Gateway is running on port 5000","service":"api-gateway","timestamp":"2025-11-18T23:24:19.967Z"}
{"level":"info","message":"API Gateway is running on port 5000","service":"api-gateway","timestamp":"2025-11-18T23:24:29.568Z"}
{"level":"info","message":"API Gateway is running on port 5000","service":"api-gateway","timestamp":"2025-11-18T23:24:33.091Z"}
{"level":"info","message":"API Gateway is running on port 5000","service":"api-gateway","timestamp":"2025-11-18T23:27:56.440Z"}
{"level":"info","message":"API Gateway is running on port 5000","service":"api-gateway","timestamp":"2025-11-18T23:32:10.655Z"}
{"level":"info","message":"API Gateway is running on port 5000","service":"api-gateway","timestamp":"2025-11-18T23:32:14.101Z"}
{"level":"info","message":"API Gateway is running on port 5000","service":"api-gateway","timestamp":"2025-11-18T23:32:15.930Z"}
{"level":"info","message":"API Gateway is running on port 5000","service":"api-gateway","timestamp":"2025-11-18T23:32:31.607Z"}
{"level":"info","message":"API Gateway is running on port 5000","service":"api-gateway","timestamp":"2025-11-18T23:32:51.054Z"}
{"level":"info","message":"API Gateway is running on port 5000","service":"api-gateway","timestamp":"2025-11-18T23:32:56.152Z"}
{"level":"info","message":"API Gateway is running on port 5000","service":"api-gateway","timestamp":"2025-11-18T23:33:31.416Z"}
{"level":"info","message":"API Gateway is running on port 5000","service":"api-gateway","timestamp":"2025-11-18T23:35:58.625Z"}
{"level":"info","message":"API Gateway is running on port 5000","service":"api-gateway","timestamp":"2025-11-18T23:36:05.865Z"}
{"level":"info","message":"API Gateway is running on port 5000","service":"api-gateway","timestamp":"2025-11-18T23:36:49.081Z"}
{"level":"info","message":"API Gateway is running on port 5000","service":"api-gateway","timestamp":"2025-11-18T23:38:44.688Z"}
{"level":"info","message":"API Gateway is running on port 5000","service":"api-gateway","timestamp":"2025-11-18T23:38:59.651Z"}
{"level":"info","message":"API Gateway is running on port 5000","service":"api-gateway","timestamp":"2025-11-18T23:44:03.033Z"}
{"level":"info","message":"API Gateway is running on port 5000","service":"api-gateway","timestamp":"2025-11-18T23:44:31.848Z"}
{"level":"info","message":"API Gateway is running on port 5000","service":"api-gateway","timestamp":"2025-11-18T23:50:05.578Z"}
{"level":"info","message":"API Gateway is running on port 5000","service":"api-gateway","timestamp":"2025-11-18T23:51:12.751Z"}
{"level":"info","message":"API Gateway is running on port 5000","service":"api-gateway","timestamp":"2025-11-18T23:51:15.383Z"}
{"level":"info","message":"API Gateway is running on port 5000","service":"api-gateway","timestamp":"2025-11-18T23:53:30.090Z"}
{"level":"info","message":"API Gateway is running on port 5000","service":"api-gateway","timestamp":"2025-11-18T23:53:34.890Z"}
{"level":"info","message":"API Gateway is running on port 5000","service":"api-gateway","timestamp":"2025-11-18T23:53:52.376Z"}
{"level":"info","message":"API Gateway is running on port 5000","service":"api-gateway","timestamp":"2025-11-18T23:53:54.576Z"}
{"level":"info","message":"API Gateway is running on port 5000","service":"api-gateway","timestamp":"2025-11-18T23:54:15.501Z"}
{"level":"info","message":"API Gateway is running on port 5000","service":"api-gateway","timestamp":"2025-11-18T23:54:31.845Z"}
{"level":"info","message":"API Gateway is running on port 5000","service":"api-gateway","timestamp":"2025-11-18T23:54:33.852Z"}
{"level":"info","message":"API Gateway is running on port 5000","service":"api-gateway","timestamp":"2025-11-18T23:54:45.130Z"}
{"level":"info","message":"API Gateway is running on port 5000","service":"api-gateway","timestamp":"2025-11-18T23:54:47.129Z"}
{"level":"info","message":"API Gateway is running on port 5000","service":"api-gateway","timestamp":"2025-11-18T23:54:58.480Z"}
{"level":"info","message":"API Gateway is running on port 5000","service":"api-gateway","timestamp":"2025-11-18T23:55:21.003Z"}
{"level":"info","message":"API Gateway is running on port 5000","service":"api-gateway","timestamp":"2025-11-18T23:55:33.696Z"}
{"level":"info","message":"API Gateway is running on port 5000","service":"api-gateway","timestamp":"2025-11-18T23:55:37.297Z"}
{"level":"info","message":"API Gateway is running on port 5000","service":"api-gateway","timestamp":"2025-11-18T23:55:50.450Z"}
{"level":"info","message":"API Gateway is running on port 5000","service":"api-gateway","timestamp":"2025-11-18T23:55:53.971Z"}
{"level":"info","message":"API Gateway is running on port 5000","service":"api-gateway","timestamp":"2025-11-18T23:55:57.859Z"}
{"level":"info","message":"API Gateway is running on port 5000","service":"api-gateway","timestamp":"2025-11-18T23:56:10.304Z"}
{"level":"info","message":"API Gateway is running on port 5000","service":"api-gateway","timestamp":"2025-11-18T23:56:15.288Z"}
{"level":"info","message":"API Gateway is running on port 5000","service":"api-gateway","timestamp":"2025-11-18T23:56:18.854Z"}
{"level":"info","message":"API Gateway is running on port 5000","service":"api-gateway","timestamp":"2025-11-18T23:56:38.698Z"}
{"level":"info","message":"API Gateway is running on port 5000","service":"api-gateway","timestamp":"2025-11-18T23:56:53.726Z"}
{"level":"info","message":"API Gateway is running on port 5000","service":"api-gateway","timestamp":"2025-11-19T00:06:26.818Z"}
{"level":"info","message":"API Gateway is running on port 5000","service":"api-gateway","timestamp":"2025-11-19T00:06:42.497Z"}
{"level":"info","message":"Received GET request to /api-docs","service":"api-gateway","timestamp":"2025-11-19T00:07:16.272Z"}
{"level":"info","message":"Request body, undefined","service":"api-gateway","timestamp":"2025-11-19T00:07:16.273Z"}
{"level":"info","message":"Received GET request to /api-docs/","service":"api-gateway","timestamp":"2025-11-19T00:07:16.282Z"}
{"level":"info","message":"Request body, undefined","service":"api-gateway","timestamp":"2025-11-19T00:07:16.283Z"}
{"level":"info","message":"Received GET request to /api-docs/swagger-ui.css","service":"api-gateway","timestamp":"2025-11-19T00:07:16.350Z"}
{"level":"info","message":"Request body, undefined","service":"api-gateway","timestamp":"2025-11-19T00:07:16.351Z"}
{"level":"info","message":"Received GET request to /api-docs/swagger-ui-standalone-preset.js","service":"api-gateway","timestamp":"2025-11-19T00:07:16.354Z"}
{"level":"info","message":"Request body, undefined","service":"api-gateway","timestamp":"2025-11-19T00:07:16.355Z"}
{"level":"info","message":"Received GET request to /api-docs/swagger-ui-bundle.js","service":"api-gateway","timestamp":"2025-11-19T00:07:16.358Z"}
{"level":"info","message":"Request body, undefined","service":"api-gateway","timestamp":"2025-11-19T00:07:16.358Z"}
{"level":"info","message":"Received GET request to /api-docs/swagger-ui-init.js","service":"api-gateway","timestamp":"2025-11-19T00:07:16.359Z"}
{"level":"info","message":"Request body, undefined","service":"api-gateway","timestamp":"2025-11-19T00:07:16.360Z"}
{"level":"info","message":"Received GET request to /api-docs/favicon-32x32.png","service":"api-gateway","timestamp":"2025-11-19T00:07:16.606Z"}
{"level":"info","message":"Request body, undefined","service":"api-gateway","timestamp":"2025-11-19T00:07:16.606Z"}
{"level":"info","message":"Received GET request to /api-docs/","service":"api-gateway","timestamp":"2025-11-19T00:08:23.167Z"}
{"level":"info","message":"Request body, undefined","service":"api-gateway","timestamp":"2025-11-19T00:08:23.167Z"}
{"level":"info","message":"Received GET request to /api-docs/swagger-ui.css","service":"api-gateway","timestamp":"2025-11-19T00:08:23.224Z"}
{"level":"info","message":"Request body, undefined","service":"api-gateway","timestamp":"2025-11-19T00:08:23.224Z"}
{"level":"info","message":"Received GET request to /api-docs/swagger-ui-bundle.js","service":"api-gateway","timestamp":"2025-11-19T00:08:23.227Z"}
{"level":"info","message":"Request body, undefined","service":"api-gateway","timestamp":"2025-11-19T00:08:23.228Z"}
{"level":"info","message":"Received GET request to /api-docs/swagger-ui-standalone-preset.js","service":"api-gateway","timestamp":"2025-11-19T00:08:23.229Z"}
{"level":"info","message":"Request body, undefined","service":"api-gateway","timestamp":"2025-11-19T00:08:23.229Z"}
{"level":"info","message":"Received GET request to /api-docs/swagger-ui-init.js","service":"api-gateway","timestamp":"2025-11-19T00:08:23.230Z"}
{"level":"info","message":"Request body, undefined","service":"api-gateway","timestamp":"2025-11-19T00:08:23.230Z"}
{"level":"info","message":"Received GET request to /api-docs/","service":"api-gateway","timestamp":"2025-11-19T00:09:11.130Z"}
{"level":"info","message":"Request body, undefined","service":"api-gateway","timestamp":"2025-11-19T00:09:11.130Z"}
{"level":"info","message":"Received GET request to /api-docs/swagger-ui.css","service":"api-gateway","timestamp":"2025-11-19T00:09:11.190Z"}
{"level":"info","message":"Request body, undefined","service":"api-gateway","timestamp":"2025-11-19T00:09:11.191Z"}
{"level":"info","message":"Received GET request to /api-docs/swagger-ui-bundle.js","service":"api-gateway","timestamp":"2025-11-19T00:09:11.193Z"}
{"level":"info","message":"Request body, undefined","service":"api-gateway","timestamp":"2025-11-19T00:09:11.194Z"}
{"level":"info","message":"Received GET request to /api-docs/swagger-ui-standalone-preset.js","service":"api-gateway","timestamp":"2025-11-19T00:09:11.196Z"}
{"level":"info","message":"Request body, undefined","service":"api-gateway","timestamp":"2025-11-19T00:09:11.196Z"}
{"level":"info","message":"Received GET request to /api-docs/swagger-ui-init.js","service":"api-gateway","timestamp":"2025-11-19T00:09:11.199Z"}
{"level":"info","message":"Request body, undefined","service":"api-gateway","timestamp":"2025-11-19T00:09:11.199Z"}
{"level":"info","message":"API Gateway is running on port 5000","service":"api-gateway","timestamp":"2025-11-19T08:53:26.842Z"}
{"level":"info","message":"API Gateway is running on port 5000","service":"api-gateway","timestamp":"2025-11-19T08:53:34.893Z"}
{"level":"info","message":"API Gateway is running on port 5000","service":"api-gateway","timestamp":"2025-11-19T08:53:41.312Z"}
{"level":"info","message":"Received POST request to /api/auth/login","service":"api-gateway","timestamp":"2025-11-19T08:54:14.294Z"}
{"level":"info","message":"Request body, [object Object]","service":"api-gateway","timestamp":"2025-11-19T08:54:14.295Z"}
{"email":"ali@gmail.con","ip":"::1","level":"info","message":"Login attempt","service":"api-gateway","timestamp":"2025-11-19T08:54:14.296Z","userAgent":"PostmanRuntime/7.49.1"}
{"email":"ali@gmail.con","error":"Operation `users.findOne()` buffering timed out after 10000ms","level":"error","message":"Error in login controller","service":"api-gateway","stack":"MongooseError: Operation `users.findOne()` buffering timed out after 10000ms\n    at Timeout.<anonymous> (E:\\React-apps\\nodeNest\\Task\\node_modules\\mongoose\\lib\\drivers\\node-mongodb-native\\collection.js:187:23)\n    at listOnTimeout (node:internal/timers:581:17)\n    at process.processTimers (node:internal/timers:519:7)","timestamp":"2025-11-19T08:54:24.304Z"}
{"level":"info","message":"Received POST request to /api/auth/login","service":"api-gateway","timestamp":"2025-11-19T08:54:34.180Z"}
{"level":"info","message":"Request body, [object Object]","service":"api-gateway","timestamp":"2025-11-19T08:54:34.180Z"}
{"email":"ali@gmail.con","ip":"::1","level":"info","message":"Login attempt","service":"api-gateway","timestamp":"2025-11-19T08:54:34.181Z","userAgent":"PostmanRuntime/7.49.1"}
{"level":"info","message":"Received POST request to /api/auth/logout","service":"api-gateway","timestamp":"2025-11-19T08:54:39.985Z"}
{"level":"info","message":"Request body, [object Object]","service":"api-gateway","timestamp":"2025-11-19T08:54:39.986Z"}
{"ip":"::1","level":"info","message":"User logged out successfully","service":"api-gateway","timestamp":"2025-11-19T08:54:39.987Z"}
{"email":"ali@gmail.con","error":"Operation `users.findOne()` buffering timed out after 10000ms","level":"error","message":"Error in login controller","service":"api-gateway","stack":"MongooseError: Operation `users.findOne()` buffering timed out after 10000ms\n    at Timeout.<anonymous> (E:\\React-apps\\nodeNest\\Task\\node_modules\\mongoose\\lib\\drivers\\node-mongodb-native\\collection.js:187:23)\n    at listOnTimeout (node:internal/timers:581:17)\n    at process.processTimers (node:internal/timers:519:7)","timestamp":"2025-11-19T08:54:44.183Z"}
{"level":"info","message":"Received POST request to /api/auth/login","service":"api-gateway","timestamp":"2025-11-19T08:54:48.115Z"}
{"level":"info","message":"Request body, [object Object]","service":"api-gateway","timestamp":"2025-11-19T08:54:48.115Z"}
{"email":"ali@gmail.con","ip":"::1","level":"info","message":"Login attempt","service":"api-gateway","timestamp":"2025-11-19T08:54:48.116Z","userAgent":"PostmanRuntime/7.49.1"}
{"email":"ali@gmail.con","error":"Operation `users.findOne()` buffering timed out after 10000ms","level":"error","message":"Error in login controller","service":"api-gateway","stack":"MongooseError: Operation `users.findOne()` buffering timed out after 10000ms\n    at Timeout.<anonymous> (E:\\React-apps\\nodeNest\\Task\\node_modules\\mongoose\\lib\\drivers\\node-mongodb-native\\collection.js:187:23)\n    at listOnTimeout (node:internal/timers:581:17)\n    at process.processTimers (node:internal/timers:519:7)","timestamp":"2025-11-19T08:54:58.116Z"}
{"level":"info","message":"Attempting to connect to MongoDB","mongoUri":"mongodb+srv://wwwabdelhalem0987654321_db_user:URCx...","service":"api-gateway","timestamp":"2025-11-19T08:56:19.777Z"}
{"level":"info","message":"API Gateway is running on port 5000","service":"api-gateway","timestamp":"2025-11-19T08:56:19.796Z"}
{"error":"Could not connect to any servers in your MongoDB Atlas cluster. One common reason is that you're trying to access the database from an IP that isn't whitelisted. Make sure your current IP address is on your Atlas cluster's IP whitelist: https://www.mongodb.com/docs/atlas/security-whitelist/","level":"error","message":"MongoDB connection error","mongoUri":"mongodb+srv://wwwabdelhalem0987654321_db_user:URCx...","service":"api-gateway","stack":"MongooseServerSelectionError: Could not connect to any servers in your MongoDB Atlas cluster. One common reason is that you're trying to access the database from an IP that isn't whitelisted. Make sure your current IP address is on your Atlas cluster's IP whitelist: https://www.mongodb.com/docs/atlas/security-whitelist/\n    at _handleConnectionErrors (E:\\React-apps\\nodeNest\\Task\\node_modules\\mongoose\\lib\\connection.js:1169:11)\n    at NativeConnection.openUri (E:\\React-apps\\nodeNest\\Task\\node_modules\\mongoose\\lib\\connection.js:1100:11)\n    at async connectDB (file:///E:/React-apps/nodeNest/Task/src/libs/mongoDB.js:10:18)","timestamp":"2025-11-19T08:56:24.910Z"}
{"level":"info","message":"Attempting to connect to MongoDB","mongoUri":"mongodb+srv://wwwabdelhalem0987654321_db_user:URCx...","service":"api-gateway","timestamp":"2025-11-19T08:56:29.831Z"}
{"error":"Could not connect to any servers in your MongoDB Atlas cluster. One common reason is that you're trying to access the database from an IP that isn't whitelisted. Make sure your current IP address is on your Atlas cluster's IP whitelist: https://www.mongodb.com/docs/atlas/security-whitelist/","level":"error","message":"MongoDB connection error","mongoUri":"mongodb+srv://wwwabdelhalem0987654321_db_user:URCx...","service":"api-gateway","stack":"MongooseServerSelectionError: Could not connect to any servers in your MongoDB Atlas cluster. One common reason is that you're trying to access the database from an IP that isn't whitelisted. Make sure your current IP address is on your Atlas cluster's IP whitelist: https://www.mongodb.com/docs/atlas/security-whitelist/\n    at _handleConnectionErrors (E:\\React-apps\\nodeNest\\Task\\node_modules\\mongoose\\lib\\connection.js:1169:11)\n    at NativeConnection.openUri (E:\\React-apps\\nodeNest\\Task\\node_modules\\mongoose\\lib\\connection.js:1100:11)\n    at async connectDB (file:///E:/React-apps/nodeNest/Task/src/libs/mongoDB.js:10:18)\n    at async Server.<anonymous> (file:///E:/React-apps/nodeNest/Task/src/index.js:71:3)","timestamp":"2025-11-19T08:56:34.966Z"}
{"level":"info","message":"Attempting to connect to MongoDB","mongoUri":"mongodb+srv://wwwabdelhalem0987654321_db_user:URCx...","service":"api-gateway","timestamp":"2025-11-19T08:56:52.689Z"}
{"level":"info","message":"API Gateway is running on port 5000","service":"api-gateway","timestamp":"2025-11-19T08:56:52.702Z"}
{"level":"info","message":"API Gateway is running on port 5000","service":"api-gateway","timestamp":"2025-11-19T08:56:54.093Z"}
{"level":"info","message":"Received POST request to /api/auth/signup","service":"api-gateway","timestamp":"2025-11-19T08:57:14.004Z"}
{"level":"info","message":"Request body, [object Object]","service":"api-gateway","timestamp":"2025-11-19T08:57:14.005Z"}
{"email":"abdelhalim@gmail.con","ip":"::1","level":"info","message":"Signup attempt","name":"abdelhalim","service":"api-gateway","timestamp":"2025-11-19T08:57:14.007Z","userAgent":"PostmanRuntime/7.49.1"}
{"email":"abdelhalim@gmail.con","error":"Operation `users.findOne()` buffering timed out after 10000ms","level":"error","message":"Error in signup controller","service":"api-gateway","stack":"MongooseError: Operation `users.findOne()` buffering timed out after 10000ms\n    at Timeout.<anonymous> (E:\\React-apps\\nodeNest\\Task\\node_modules\\mongoose\\lib\\drivers\\node-mongodb-native\\collection.js:187:23)\n    at listOnTimeout (node:internal/timers:581:17)\n    at process.processTimers (node:internal/timers:519:7)","timestamp":"2025-11-19T08:57:24.012Z"}
{"level":"info","message":"Attempting to connect to MongoDB","mongoUri":"mongodb+srv://wwwabdelhalem0987654321_db_user:URCx...","nodeEnv":"development","service":"api-gateway","timestamp":"2025-11-19T08:58:45.212Z"}
{"level":"info","message":"API Gateway is running on port 5000","service":"api-gateway","timestamp":"2025-11-19T08:58:45.226Z"}
{"error":"Could not connect to any servers in your MongoDB Atlas cluster. One common reason is that you're trying to access the database from an IP that isn't whitelisted. Make sure your current IP address is on your Atlas cluster's IP whitelist: https://www.mongodb.com/docs/atlas/security-whitelist/","level":"error","message":"Failed to connect to MongoDB","mongoUri":"mongodb+srv://wwwabdelhalem0987654321_db_user:URCx...","service":"api-gateway","stack":"MongooseServerSelectionError: Could not connect to any servers in your MongoDB Atlas cluster. One common reason is that you're trying to access the database from an IP that isn't whitelisted. Make sure your current IP address is on your Atlas cluster's IP whitelist: https://www.mongodb.com/docs/atlas/security-whitelist/\n    at _handleConnectionErrors (E:\\React-apps\\nodeNest\\Task\\node_modules\\mongoose\\lib\\connection.js:1169:11)\n    at NativeConnection.openUri (E:\\React-apps\\nodeNest\\Task\\node_modules\\mongoose\\lib\\connection.js:1100:11)\n    at async connectDB (file:///E:/React-apps/nodeNest/Task/src/libs/mongoDB.js:11:18)","timestamp":"2025-11-19T08:58:50.337Z"}
{"level":"info","message":"Attempting to connect to MongoDB","mongoUri":"mongodb+srv://wwwabdelhalem0987654321_db_user:URCx...","nodeEnv":"development","service":"api-gateway","timestamp":"2025-11-19T08:58:56.784Z"}
{"error":"Could not connect to any servers in your MongoDB Atlas cluster. One common reason is that you're trying to access the database from an IP that isn't whitelisted. Make sure your current IP address is on your Atlas cluster's IP whitelist: https://www.mongodb.com/docs/atlas/security-whitelist/","level":"error","message":"Failed to connect to MongoDB","mongoUri":"mongodb+srv://wwwabdelhalem0987654321_db_user:URCx...","service":"api-gateway","stack":"MongooseServerSelectionError: Could not connect to any servers in your MongoDB Atlas cluster. One common reason is that you're trying to access the database from an IP that isn't whitelisted. Make sure your current IP address is on your Atlas cluster's IP whitelist: https://www.mongodb.com/docs/atlas/security-whitelist/\n    at _handleConnectionErrors (E:\\React-apps\\nodeNest\\Task\\node_modules\\mongoose\\lib\\connection.js:1169:11)\n    at NativeConnection.openUri (E:\\React-apps\\nodeNest\\Task\\node_modules\\mongoose\\lib\\connection.js:1100:11)\n    at async connectDB (file:///E:/React-apps/nodeNest/Task/src/libs/mongoDB.js:11:18)\n    at async Server.<anonymous> (file:///E:/React-apps/nodeNest/Task/src/index.js:71:3)","timestamp":"2025-11-19T08:59:01.914Z"}
{"level":"info","message":"API Gateway is running on port 5000","service":"api-gateway","timestamp":"2025-11-19T08:59:20.766Z"}
{"level":"info","message":"API Gateway is running on port 5000","service":"api-gateway","timestamp":"2025-11-19T09:00:12.604Z"}
{"level":"info","message":"API Gateway is running on port 5000","service":"api-gateway","timestamp":"2025-11-19T09:00:26.520Z"}
{"level":"info","message":"Received POST request to /api/auth/logout","service":"api-gateway","timestamp":"2025-11-19T09:00:43.504Z"}
{"level":"info","message":"Request body, [object Object]","service":"api-gateway","timestamp":"2025-11-19T09:00:43.505Z"}
{"level":"warn","message":"Logout attempt without authenticated user","service":"api-gateway","timestamp":"2025-11-19T09:00:43.506Z"}
{"level":"info","message":"Received POST request to /api/auth/login","service":"api-gateway","timestamp":"2025-11-19T09:00:48.762Z"}
{"level":"info","message":"Request body, [object Object]","service":"api-gateway","timestamp":"2025-11-19T09:00:48.763Z"}
{"email":"ali@gmail.con","ip":"::1","level":"info","message":"Login attempt","service":"api-gateway","timestamp":"2025-11-19T09:00:48.764Z","userAgent":"PostmanRuntime/7.49.1"}
{"email":"ali@gmail.con","error":"Operation `users.findOne()` buffering timed out after 10000ms","level":"error","message":"Error in login controller","service":"api-gateway","stack":"MongooseError: Operation `users.findOne()` buffering timed out after 10000ms\n    at Timeout.<anonymous> (E:\\React-apps\\nodeNest\\Task\\node_modules\\mongoose\\lib\\drivers\\node-mongodb-native\\collection.js:187:23)\n    at listOnTimeout (node:internal/timers:581:17)\n    at process.processTimers (node:internal/timers:519:7)","timestamp":"2025-11-19T09:00:58.769Z"}
{"level":"info","message":"API Gateway is running on port 5000","service":"api-gateway","timestamp":"2025-11-19T09:01:27.785Z"}
{"level":"info","message":"Received POST request to /api/auth/login","service":"api-gateway","timestamp":"2025-11-19T09:01:32.251Z"}
{"level":"info","message":"Request body, [object Object]","service":"api-gateway","timestamp":"2025-11-19T09:01:32.251Z"}
{"level":"info","message":"Received POST request to /api/auth/logout","service":"api-gateway","timestamp":"2025-11-19T09:02:20.786Z"}
{"level":"info","message":"Request body, [object Object]","service":"api-gateway","timestamp":"2025-11-19T09:02:20.786Z"}
{"level":"info","message":"Attempting to connect to MongoDB","mongoUri":"mongodb+srv://wwwabdelhalem0987654321_db_user:URCx...","service":"api-gateway","timestamp":"2025-11-19T09:04:15.949Z"}
{"level":"info","message":"API Gateway is running on port 5000","service":"api-gateway","timestamp":"2025-11-19T09:04:15.962Z"}
{"error":"Could not connect to any servers in your MongoDB Atlas cluster. One common reason is that you're trying to access the database from an IP that isn't whitelisted. Make sure your current IP address is on your Atlas cluster's IP whitelist: https://www.mongodb.com/docs/atlas/security-whitelist/","level":"error","message":"MongoDB connection error","mongoUri":"mongodb+srv://wwwabdelhalem0987654321_db_user:URCx...","service":"api-gateway","timestamp":"2025-11-19T09:04:21.076Z"}
{"level":"info","message":"Attempting to connect to MongoDB","mongoUri":"mongodb+srv://wwwabdelhalem0987654321_db_user:URCx...","service":"api-gateway","timestamp":"2025-11-19T09:04:23.871Z"}
{"error":"Could not connect to any servers in your MongoDB Atlas cluster. One common reason is that you're trying to access the database from an IP that isn't whitelisted. Make sure your current IP address is on your Atlas cluster's IP whitelist: https://www.mongodb.com/docs/atlas/security-whitelist/","level":"error","message":"MongoDB connection error","mongoUri":"mongodb+srv://wwwabdelhalem0987654321_db_user:URCx...","service":"api-gateway","timestamp":"2025-11-19T09:04:29.000Z"}
{"level":"error","message":"Server started but MongoDB connection failed. Requests will timeout.","service":"api-gateway","timestamp":"2025-11-19T09:04:29.001Z"}
{"level":"info","message":"Attempting to connect to MongoDB","mongoUri":"mongodb+srv://wwwabdelhalem0987654321_db_user:URCx...","service":"api-gateway","timestamp":"2025-11-19T09:04:31.920Z"}
{"error":"Could not connect to any servers in your MongoDB Atlas cluster. One common reason is that you're trying to access the database from an IP that isn't whitelisted. Make sure your current IP address is on your Atlas cluster's IP whitelist: https://www.mongodb.com/docs/atlas/security-whitelist/","level":"error","message":"MongoDB connection error","mongoUri":"mongodb+srv://wwwabdelhalem0987654321_db_user:URCx...","service":"api-gateway","timestamp":"2025-11-19T09:04:37.061Z"}
{"level":"error","message":"Server started but MongoDB connection failed. Requests will timeout.","service":"api-gateway","timestamp":"2025-11-19T09:04:37.061Z"}
{"level":"info","message":"Attempting to connect to MongoDB","mongoUri":"mongodb+srv://wwwabdelhalem0987654321_db_user:URCx...","service":"api-gateway","timestamp":"2025-11-19T09:04:39.107Z"}
{"error":"Could not connect to any servers in your MongoDB Atlas cluster. One common reason is that you're trying to access the database from an IP that isn't whitelisted. Make sure your current IP address is on your Atlas cluster's IP whitelist: https://www.mongodb.com/docs/atlas/security-whitelist/","level":"error","message":"MongoDB connection error","mongoUri":"mongodb+srv://wwwabdelhalem0987654321_db_user:URCx...","service":"api-gateway","timestamp":"2025-11-19T09:04:44.233Z"}
{"level":"error","message":"Server started but MongoDB connection failed. Requests will timeout.","service":"api-gateway","timestamp":"2025-11-19T09:04:44.234Z"}
{"level":"info","message":"Attempting to connect to MongoDB","mongoUri":"mongodb+srv://wwwabdelhalem0987654321_db_user:URCx...","service":"api-gateway","timestamp":"2025-11-19T09:04:46.117Z"}
{"error":"Could not connect to any servers in your MongoDB Atlas cluster. One common reason is that you're trying to access the database from an IP that isn't whitelisted. Make sure your current IP address is on your Atlas cluster's IP whitelist: https://www.mongodb.com/docs/atlas/security-whitelist/","level":"error","message":"MongoDB connection error","mongoUri":"mongodb+srv://wwwabdelhalem0987654321_db_user:URCx...","service":"api-gateway","timestamp":"2025-11-19T09:04:51.253Z"}
{"level":"error","message":"Server started but MongoDB connection failed. Requests will timeout.","service":"api-gateway","timestamp":"2025-11-19T09:04:51.254Z"}
{"level":"info","message":"Attempting to connect to MongoDB","mongoUri":"mongodb+srv://wwwabdelhalem0987654321_db_user:URCx...","service":"api-gateway","timestamp":"2025-11-19T09:04:52.562Z"}
{"error":"Could not connect to any servers in your MongoDB Atlas cluster. One common reason is that you're trying to access the database from an IP that isn't whitelisted. Make sure your current IP address is on your Atlas cluster's IP whitelist: https://www.mongodb.com/docs/atlas/security-whitelist/","level":"error","message":"MongoDB connection error","mongoUri":"mongodb+srv://wwwabdelhalem0987654321_db_user:URCx...","service":"api-gateway","timestamp":"2025-11-19T09:04:57.681Z"}
{"level":"error","message":"Server started but MongoDB connection failed. Requests will timeout.","service":"api-gateway","timestamp":"2025-11-19T09:04:57.681Z"}
{"level":"info","message":"Attempting to connect to MongoDB","mongoUri":"mongodb+srv://wwwabdelhalem0987654321_db_user:URCx...","service":"api-gateway","timestamp":"2025-11-19T09:05:44.830Z"}
{"database":"test","host":"ac-kddncnt-shard-00-01.bww4t43.mongodb.net","level":"info","message":"MongoDB connected successfully","service":"api-gateway","timestamp":"2025-11-19T09:05:45.648Z"}
{"level":"info","message":"API Gateway is running on port 5000","service":"api-gateway","timestamp":"2025-11-19T09:05:45.648Z"}
{"level":"info","message":"API Gateway is running on port 5000","service":"api-gateway","timestamp":"2025-11-19T09:05:47.880Z"}
{"level":"info","message":"Received POST request to /api/auth/logout","service":"api-gateway","timestamp":"2025-11-19T09:05:57.993Z"}
{"level":"info","message":"Request body, [object Object]","service":"api-gateway","timestamp":"2025-11-19T09:05:57.993Z"}
{"level":"info","message":"Received POST request to /api/auth/login","service":"api-gateway","timestamp":"2025-11-19T09:06:01.225Z"}
{"level":"info","message":"Request body, [object Object]","service":"api-gateway","timestamp":"2025-11-19T09:06:01.226Z"}
{"level":"info","message":"Attempting to connect to MongoDB","mongoUri":"mongodb+srv://wwwabdelhalem0987654321_db_user:URCx...","service":"api-gateway","timestamp":"2025-11-19T09:07:04.411Z"}
{"level":"info","message":"API Gateway is running on port 5000","service":"api-gateway","timestamp":"2025-11-19T09:07:04.425Z"}
{"database":"test","host":"ac-kddncnt-shard-00-00.bww4t43.mongodb.net","level":"info","message":"MongoDB connected successfully","readyState":1,"service":"api-gateway","timestamp":"2025-11-19T09:07:05.280Z"}
{"level":"info","message":"Attempting to connect to MongoDB","mongoUri":"mongodb+srv://wwwabdelhalem0987654321_db_user:URCx...","service":"api-gateway","timestamp":"2025-11-19T09:07:11.243Z"}
{"database":"test","host":"ac-kddncnt-shard-00-00.bww4t43.mongodb.net","level":"info","message":"MongoDB connected successfully","readyState":1,"service":"api-gateway","timestamp":"2025-11-19T09:07:12.029Z"}
{"level":"info","message":"API Gateway is running on port 5000","service":"api-gateway","timestamp":"2025-11-19T09:07:12.030Z"}
{"level":"info","message":"Attempting to connect to MongoDB","mongoUri":"mongodb+srv://wwwabdelhalem0987654321_db_user:URCx...","service":"api-gateway","timestamp":"2025-11-19T09:07:18.176Z"}
{"database":"test","host":"ac-kddncnt-shard-00-01.bww4t43.mongodb.net","level":"info","message":"MongoDB connected successfully","readyState":1,"service":"api-gateway","timestamp":"2025-11-19T09:07:18.990Z"}
{"level":"info","message":"API Gateway is running on port 5000","service":"api-gateway","timestamp":"2025-11-19T09:07:18.990Z"}
{"level":"info","message":"Attempting to connect to MongoDB","mongoUri":"mongodb+srv://wwwabdelhalem0987654321_db_user:URCx...","service":"api-gateway","timestamp":"2025-11-19T09:07:30.766Z"}
{"database":"test","host":"ac-kddncnt-shard-00-02.bww4t43.mongodb.net","level":"info","message":"MongoDB connected successfully","readyState":1,"service":"api-gateway","timestamp":"2025-11-19T09:07:31.553Z"}
{"level":"info","message":"API Gateway is running on port 5000","service":"api-gateway","timestamp":"2025-11-19T09:07:31.553Z"}
{"level":"info","message":"Received POST request to /api/auth/logout","service":"api-gateway","timestamp":"2025-11-19T09:07:47.361Z"}
{"level":"info","message":"Request body, [object Object]","service":"api-gateway","timestamp":"2025-11-19T09:07:47.361Z"}
{"level":"info","message":"Received POST request to /api/auth/logout","service":"api-gateway","timestamp":"2025-11-19T09:07:48.300Z"}
{"level":"info","message":"Request body, [object Object]","service":"api-gateway","timestamp":"2025-11-19T09:07:48.300Z"}
{"level":"info","message":"Received POST request to /api/auth/logout","service":"api-gateway","timestamp":"2025-11-19T09:07:55.926Z"}
{"level":"info","message":"Request body, [object Object]","service":"api-gateway","timestamp":"2025-11-19T09:07:55.926Z"}
{"level":"info","message":"API Gateway is running on port 5000","service":"api-gateway","timestamp":"2025-11-19T09:08:20.008Z"}
{"level":"info","message":"API Gateway is running on port 5000","service":"api-gateway","timestamp":"2025-11-19T09:08:20.873Z"}
{"level":"info","message":"API Gateway is running on port 5000","service":"api-gateway","timestamp":"2025-11-19T09:09:38.858Z"}
{"level":"info","message":"API Gateway is running on port 5000","service":"api-gateway","timestamp":"2025-11-19T09:09:49.232Z"}
{"level":"info","message":"API Gateway is running on port 5000","service":"api-gateway","timestamp":"2025-11-19T09:09:59.385Z"}
{"level":"info","message":"API Gateway is running on port 5000","service":"api-gateway","timestamp":"2025-11-19T09:10:05.919Z"}
{"level":"info","message":"Received POST request to /api/auth/logout","service":"api-gateway","timestamp":"2025-11-19T09:10:49.612Z"}
{"level":"info","message":"Request body, [object Object]","service":"api-gateway","timestamp":"2025-11-19T09:10:49.612Z"}
{"ip":"::1","level":"info","message":"User logout initiated","service":"api-gateway","timestamp":"2025-11-19T09:10:49.614Z"}
{"level":"info","message":"User logged out successfully","service":"api-gateway","timestamp":"2025-11-19T09:10:49.615Z"}
{"level":"info","message":"Received POST request to /api/auth/login","service":"api-gateway","timestamp":"2025-11-19T09:10:54.057Z"}
{"level":"info","message":"Request body, [object Object]","service":"api-gateway","timestamp":"2025-11-19T09:10:54.058Z"}
{"email":"ali@gmail.con","ip":"::1","level":"info","message":"Login attempt initiated","service":"api-gateway","timestamp":"2025-11-19T09:10:54.058Z","userAgent":"PostmanRuntime/7.49.1"}
{"email":"ali@gmail.con","level":"info","message":"User logged in successfully","role":"user","service":"api-gateway","timestamp":"2025-11-19T09:10:54.203Z","userId":"691bd383c2dbd92d33ba86db"}
{"level":"info","message":"Received POST request to /api/auth/login","service":"api-gateway","timestamp":"2025-11-19T09:10:56.086Z"}
{"level":"info","message":"Request body, [object Object]","service":"api-gateway","timestamp":"2025-11-19T09:10:56.087Z"}
{"email":"ali@gmail.con","ip":"::1","level":"info","message":"Login attempt initiated","service":"api-gateway","timestamp":"2025-11-19T09:10:56.087Z","userAgent":"PostmanRuntime/7.49.1"}
{"email":"ali@gmail.con","level":"info","message":"User logged in successfully","role":"user","service":"api-gateway","timestamp":"2025-11-19T09:10:56.215Z","userId":"691bd383c2dbd92d33ba86db"}
{"level":"info","message":"Received POST request to /api/auth/signup","service":"api-gateway","timestamp":"2025-11-19T09:11:05.106Z"}
{"level":"info","message":"Request body, [object Object]","service":"api-gateway","timestamp":"2025-11-19T09:11:05.106Z"}
{"email":"abdelhalim@gmail.con","ip":"::1","level":"info","message":"Signup attempt initiated","name":"abdelhalim","service":"api-gateway","timestamp":"2025-11-19T09:11:05.107Z","userAgent":"PostmanRuntime/7.49.1"}
{"email":"abdelhalim@gmail.con","level":"warn","message":"Signup failed: Email already exists","service":"api-gateway","timestamp":"2025-11-19T09:11:05.170Z","userId":"691cdbb3067695dd7c4585be"}
{"level":"info","message":"API Gateway is running on port 5000","service":"api-gateway","timestamp":"2025-11-19T09:11:13.069Z"}
